<?xml version="1.0" encoding="UTF-8"?>
<!-- Generated by org.testng.reporters.JUnitReportReporter -->
<testsuite hostname="win764bit" name="testclasses.testing" tests="1" failures="0" timestamp="5 Aug 2014 21:07:18 GMT" time="31.516" errors="0">
  <testcase name="firstlogin" time="31.516" classname="testclasses.testing"/>
</testsuite> <!-- testclasses.testing -->
