<?xml version="1.0" encoding="UTF-8"?>
<!-- Generated by org.testng.reporters.JUnitReportReporter -->
<testsuite hostname="win764bit" name="persistent.mavenproject.Login" tests="1" failures="0" timestamp="5 Aug 2014 19:25:46 GMT" time="33.955" errors="0">
  <testcase name="f" time="33.955" classname="persistent.mavenproject.Login"/>
</testsuite> <!-- persistent.mavenproject.Login -->
