<?xml version="1.0" encoding="UTF-8"?>
<!-- Generated by org.testng.reporters.JUnitReportReporter -->
<testsuite hostname="win764bit" name="persistent.mavenproject.datadriven" tests="1" failures="0" timestamp="5 Aug 2014 00:20:25 GMT" time="1.290" errors="0">
  <testcase name="f" time="1.290" classname="persistent.mavenproject.datadriven"/>
</testsuite> <!-- persistent.mavenproject.datadriven -->
