<?xml version="1.0" encoding="UTF-8"?>
<!-- Generated by org.testng.reporters.JUnitReportReporter -->
<testsuite hostname="win764bit" name="persistent.mavenproject.Login" tests="1" failures="0" timestamp="5 Aug 2014 17:27:33 GMT" time="36.359" errors="0">
  <testcase name="f" time="36.359" classname="persistent.mavenproject.Login"/>
</testsuite> <!-- persistent.mavenproject.Login -->
